
                         MODELLER 9.24, 2020/04/06, r11614

     PROTEIN STRUCTURE MODELLING BY SATISFACTION OF SPATIAL RESTRAINTS


                     Copyright(c) 1989-2020 Andrej Sali
                            All Rights Reserved

                             Written by A. Sali
                               with help from
              B. Webb, M.S. Madhusudhan, M-Y. Shen, G.Q. Dong,
          M.A. Marti-Renom, N. Eswar, F. Alber, M. Topf, B. Oliva,
             A. Fiser, R. Sanchez, B. Yerkovich, A. Badretdinov,
                     F. Melo, J.P. Overington, E. Feyfant
                 University of California, San Francisco, USA
                    Rockefeller University, New York, USA
                      Harvard University, Cambridge, USA
                   Imperial Cancer Research Fund, London, UK
              Birkbeck College, University of London, London, UK


Kind, OS, HostName, Kernel, Processor: 4, Windows Vista build 9200, LAPTOP-CECH6ITM, SMP, unknown
Date and time of compilation         : 2020/04/06 12:03:25
MODELLER executable type             : x86_64-w64
Job starting time (YY/MM/DD HH:MM:SS): 2020/09/23 18:53:32

openf___224_> Open           $(LIB)/restyp.lib
openf___224_> Open           ${MODINSTALL9v24}/modlib/resgrp.lib
rdresgr_266_> Number of residue groups:        2
openf___224_> Open           ${MODINSTALL9v24}/modlib/sstruc.lib

Dynamically allocated memory at   amaxlibraries [B,KiB,MiB]:       191566     187.076     0.183

Dynamically allocated memory at   amaxlibraries [B,KiB,MiB]:       192094     187.592     0.183
openf___224_> Open           ${MODINSTALL9v24}/modlib/resdih.lib

Dynamically allocated memory at   amaxlibraries [B,KiB,MiB]:       240694     235.053     0.230
rdrdih__263_> Number of dihedral angle types         :        9
              Maximal number of dihedral angle optima:        3
              Dihedral angle names                   :  Alph Phi Psi Omeg chi1 chi2 chi3 chi4 chi5
openf___224_> Open           ${MODINSTALL9v24}/modlib/radii.lib

Dynamically allocated memory at   amaxlibraries [B,KiB,MiB]:       253994     248.041     0.242
openf___224_> Open           ${MODINSTALL9v24}/modlib/radii14.lib
openf___224_> Open           ${MODINSTALL9v24}/modlib/af_mnchdef.lib
rdwilmo_274_> Mainchain residue conformation classes:  APBLE
openf___224_> Open           ${MODINSTALL9v24}/modlib/mnch.lib
rdclass_257_> Number of classes:        5
openf___224_> Open           ${MODINSTALL9v24}/modlib/mnch1.lib
openf___224_> Open           ${MODINSTALL9v24}/modlib/mnch2.lib
openf___224_> Open           ${MODINSTALL9v24}/modlib/mnch3.lib
openf___224_> Open           ${MODINSTALL9v24}/modlib/xs4.mat
rdrrwgh_268_> Number of residue types:       21
openf___224_> Open           new_alinha.pir

Dynamically allocated memory at   amaxalignment [B,KiB,MiB]:       265791     259.562     0.253

Dynamically allocated memory at   amaxalignment [B,KiB,MiB]:       267241     260.978     0.255

Dynamically allocated memory at   amaxalignment [B,KiB,MiB]:       270141     263.810     0.258

Dynamically allocated memory at   amaxalignment [B,KiB,MiB]:       275941     269.474     0.263

Dynamically allocated memory at   amaxalignment [B,KiB,MiB]:       401243     391.839     0.383

Dynamically allocated memory at    amaxsequence [B,KiB,MiB]:       402499     393.065     0.384

Dynamically allocated memory at    amaxsequence [B,KiB,MiB]:       403991     394.522     0.385

Read the alignment from file       : new_alinha.pir

Total number of alignment positions:   374

  #  Code        #_Res #_Segm PDB_code    Name
-------------------------------------------------------------------------------
  1   4hpg.pdb     315      1    4hpg.pdb
  2  beta_gluc     374      1 beta_glucos
check_a_343_> >> BEGINNING OF COMMAND
openf___224_> Open           4hpg.pdb

Dynamically allocated memory at amaxcoordinates [B,KiB,MiB]:       500216     488.492     0.477

Dynamically allocated memory at    amaxsequence [B,KiB,MiB]:       500216     488.492     0.477

Dynamically allocated memory at amaxcoordinates [B,KiB,MiB]:       500387     488.659     0.477

Dynamically allocated memory at amaxcoordinates [B,KiB,MiB]:       501237     489.489     0.478

Dynamically allocated memory at amaxcoordinates [B,KiB,MiB]:       502495     490.718     0.479

Dynamically allocated memory at amaxcoordinates [B,KiB,MiB]:       504399     492.577     0.481

Dynamically allocated memory at    amaxsequence [B,KiB,MiB]:       504399     492.577     0.481

Dynamically allocated memory at amaxcoordinates [B,KiB,MiB]:       504489     492.665     0.481

Dynamically allocated memory at amaxcoordinates [B,KiB,MiB]:       507345     495.454     0.484

Dynamically allocated memory at    amaxsequence [B,KiB,MiB]:       507345     495.454     0.484

Dynamically allocated memory at amaxcoordinates [B,KiB,MiB]:       507480     495.586     0.484

Dynamically allocated memory at amaxcoordinates [B,KiB,MiB]:       511764     499.770     0.488

Dynamically allocated memory at    amaxsequence [B,KiB,MiB]:       511764     499.770     0.488

Dynamically allocated memory at amaxcoordinates [B,KiB,MiB]:       511962     499.963     0.488

Dynamically allocated memory at amaxcoordinates [B,KiB,MiB]:       518388     506.238     0.494

Dynamically allocated memory at    amaxsequence [B,KiB,MiB]:       518388     506.238     0.494

Dynamically allocated memory at amaxcoordinates [B,KiB,MiB]:       518685     506.528     0.495

Dynamically allocated memory at amaxcoordinates [B,KiB,MiB]:       528307     515.925     0.504

Dynamically allocated memory at    amaxsequence [B,KiB,MiB]:       528307     515.925     0.504

Dynamically allocated memory at amaxcoordinates [B,KiB,MiB]:       528757     516.364     0.504

Dynamically allocated memory at amaxcoordinates [B,KiB,MiB]:       543207     530.476     0.518

Dynamically allocated memory at    amaxsequence [B,KiB,MiB]:       543207     530.476     0.518

Dynamically allocated memory at amaxcoordinates [B,KiB,MiB]:       543882     531.135     0.519

Dynamically allocated memory at amaxcoordinates [B,KiB,MiB]:       565540     552.285     0.539

Dynamically allocated memory at    amaxsequence [B,KiB,MiB]:       565540     552.285     0.539

Dynamically allocated memory at amaxcoordinates [B,KiB,MiB]:       566548     553.270     0.540

Dynamically allocated memory at amaxcoordinates [B,KiB,MiB]:       599052     585.012     0.571

Dynamically allocated memory at   amaxstructure [B,KiB,MiB]:       598854     584.818     0.571

check_ali___> Checking the sequence-structure alignment. 

Implied intrachain target CA(i)-CA(i+1) distances longer than  8.0 angstroms:

ALN_POS  TMPL  RID1  RID2  NAM1  NAM2     DIST
----------------------------------------------
END OF TABLE
check_a_344_> << END OF COMMAND
openf___224_> Open           ${LIB}/top_heav.lib
read_to_681_> topology.submodel read from topology file:        3
openf___224_> Open           ${LIB}/par.lib

Dynamically allocated memory at  amaxparameters [B,KiB,MiB]:       738106     720.807     0.704

Dynamically allocated memory at  amaxparameters [B,KiB,MiB]:       739706     722.369     0.705

Dynamically allocated memory at  amaxparameters [B,KiB,MiB]:       743686     726.256     0.709

Dynamically allocated memory at  amaxparameters [B,KiB,MiB]:       745686     728.209     0.711

Dynamically allocated memory at  amaxparameters [B,KiB,MiB]:       748686     731.139     0.714

Dynamically allocated memory at  amaxparameters [B,KiB,MiB]:       753186     735.533     0.718

Dynamically allocated memory at  amaxparameters [B,KiB,MiB]:       758758     740.975     0.724

Dynamically allocated memory at  amaxparameters [B,KiB,MiB]:       761558     743.709     0.726

Dynamically allocated memory at  amaxparameters [B,KiB,MiB]:       765758     747.811     0.730

Dynamically allocated memory at  amaxparameters [B,KiB,MiB]:       772058     753.963     0.736

Dynamically allocated memory at  amaxparameters [B,KiB,MiB]:       774830     756.670     0.739

Dynamically allocated memory at  amaxparameters [B,KiB,MiB]:       776230     758.037     0.740
read_pa_232_> parameters    BONDS   ANGLS  DIHEDS IMPROPS    MODE
                              227     561     661     112       0

Dynamically allocated memory at       amaxmodel [B,KiB,MiB]:       834791     815.226     0.796

Dynamically allocated memory at       amaxmodel [B,KiB,MiB]:      1123401    1097.071     1.071

Dynamically allocated memory at       amaxmodel [B,KiB,MiB]:      1168097    1140.720     1.114

mkilst______> segment topology constructed from sequence and RTF:
              segments residues  atoms  bonds angles dihedrals impropers:
                     1      374   2926   3001      0         0      1293

Dynamically allocated memory at       amaxmodel [B,KiB,MiB]:      1294933    1264.583     1.235

patch_______> segment topology patched using RTF:     1  ;  MET  ;  NTER
              segments residues  atoms  bonds angles dihedrals impropers:
                     1      374   2926   3001   4084      4866      1293


Dynamically allocated memory at       amaxmodel [B,KiB,MiB]:      1427509    1394.052     1.361
patch_______> segment topology patched using RTF:   374  ;  MET  ;  CTER
              segments residues  atoms  bonds angles dihedrals impropers:
                     1      374   2927   3002   4086      4868      1294

genseg______> segment topology constructed from sequence and RTF:
              segments residues  atoms  bonds angles dihedrals impropers:
                     1      374   2927   3002   4086      4868      1294
transfe_506_> MODEL is an average of all templates.
transfe_511_> Number of templates for coordinate transfer:        1
              After transferring coordinates of the equivalent template atoms,
              there are defined, undefined atoms in MODEL:     2447      480
openf___224_> Open           beta_glucosidase.fasta.ini
wrpdb___568_> Residues, atoms, selected atoms:      374     2927     2927
make_re_417_> Restraint type to be calculated:  stereo

Dynamically allocated memory at  amaxrestraints [B,KiB,MiB]:      1534824    1498.852     1.464

Dynamically allocated memory at  amaxrestraints [B,KiB,MiB]:      1543016    1506.852     1.472

Dynamically allocated memory at  amaxrestraints [B,KiB,MiB]:      1559400    1522.852     1.487

Dynamically allocated memory at  amaxrestraints [B,KiB,MiB]:      1592168    1554.852     1.518

Dynamically allocated memory at  amaxrestraints [B,KiB,MiB]:      1624936    1586.852     1.550

Dynamically allocated memory at  amaxrestraints [B,KiB,MiB]:      1690472    1650.852     1.612

Dynamically allocated memory at  amaxrestraints [B,KiB,MiB]:      1723240    1682.852     1.643

Dynamically allocated memory at  amaxrestraints [B,KiB,MiB]:      1756008    1714.852     1.675

Dynamically allocated memory at  amaxrestraints [B,KiB,MiB]:      1821544    1778.852     1.737

Dynamically allocated memory at  amaxrestraints [B,KiB,MiB]:      1952616    1906.852     1.862

Dynamically allocated memory at  amaxrestraints [B,KiB,MiB]:      2018152    1970.852     1.925

Dynamically allocated memory at  amaxrestraints [B,KiB,MiB]:      2083688    2034.852     1.987

Dynamically allocated memory at  amaxrestraints [B,KiB,MiB]:      2214760    2162.852     2.112

Dynamically allocated memory at  amaxrestraints [B,KiB,MiB]:      2476904    2418.852     2.362

Dynamically allocated memory at  amaxrestraints [B,KiB,MiB]:      2607976    2546.852     2.487
r_stere_606_> Stereochemical restraints were constructed from RTF & PRMF.
              Added bond,angle,dihedral,improper restraints  :     3002    4086    4658    1273
              Total number of restraints before, now         :        0    13019
make_re_422_> Number of previous, current restraints         :        0    13019
make_re_423_> Number of previous, current selected restraints:        0    13019
make_re_417_> Restraint type to be calculated:  phi-psi_binormal

Dynamically allocated memory at   amaxstructure [B,KiB,MiB]:      2822229    2756.083     2.691
openf___224_> Open           ${MODINSTALL9v24}/modlib/mnch1.bin
openf___224_> Open           ${MODINSTALL9v24}/modlib/mnch1.mdt
errdih__638_> Missing atoms in a dihedral, residue index, residue type:        5      127  GLN
errdih__638_> Missing atoms in a dihedral, residue index, residue type:        5      169  ARG
errdih__638_> Missing atoms in a dihedral, residue index, residue type:        5      275  LYS
errdih__638_> Missing atoms in a dihedral, residue index, residue type:        5      276  ARG
errdih__638_> Missing atoms in a dihedral, residue index, residue type:        6      127  GLN
errdih__638_> Missing atoms in a dihedral, residue index, residue type:        6      169  ARG
errdih__638_> Missing atoms in a dihedral, residue index, residue type:        6      275  LYS
errdih__638_> Missing atoms in a dihedral, residue index, residue type:        6      276  ARG
errdih__638_> Missing atoms in a dihedral, residue index, residue type:        7      127  GLN
errdih__638_> Missing atoms in a dihedral, residue index, residue type:        7      169  ARG
errdih__638_> Missing atoms in a dihedral, residue index, residue type:        7      275  LYS
errdih__638_> Missing atoms in a dihedral, residue index, residue type:        7      276  ARG
errdih__638_> Missing atoms in a dihedral, residue index, residue type:        8      169  ARG
errdih__638_> Missing atoms in a dihedral, residue index, residue type:        8      275  LYS
errdih__638_> Missing atoms in a dihedral, residue index, residue type:        8      276  ARG
getdata_643_> Protein accepted:  4hpg.pdb
getdata_289_> Proteins (all/accepted):        1        1
make_re_422_> Number of previous, current restraints         :    13019    13391
make_re_423_> Number of previous, current selected restraints:    13019    13391
make_re_417_> Restraint type to be calculated:  omega_dihedral

Dynamically allocated memory at   amaxstructure [B,KiB,MiB]:      2822245    2756.099     2.692
openf___224_> Open           ${MODINSTALL9v24}/modlib/omega.bin
openf___224_> Open           ${MODINSTALL9v24}/modlib/omega.mdt
getdata_643_> Protein accepted:  4hpg.pdb
getdata_289_> Proteins (all/accepted):        1        1
omgdel__425_> Unselected all O C +N +CA dihedrals:      394
              (This is to avoid clashes between STEREO
              and OMEGA_DIHEDRAL restraints)
make_re_422_> Number of previous, current restraints         :    13391    13764
make_re_423_> Number of previous, current selected restraints:    13391    13370
make_re_417_> Restraint type to be calculated:  chi1_dihedral

Dynamically allocated memory at   amaxstructure [B,KiB,MiB]:      2822245    2756.099     2.692
openf___224_> Open           ${MODINSTALL9v24}/modlib/chi1234.bin
openf___224_> Open           ${MODINSTALL9v24}/modlib/chi1.mdt
getdata_643_> Protein accepted:  4hpg.pdb
getdata_289_> Proteins (all/accepted):        1        1

Dynamically allocated memory at  amaxrestraints [B,KiB,MiB]:      2953317    2884.099     2.817
make_re_422_> Number of previous, current restraints         :    13764    14082
make_re_423_> Number of previous, current selected restraints:    13370    13688
make_re_417_> Restraint type to be calculated:  chi2_dihedral

Dynamically allocated memory at   amaxstructure [B,KiB,MiB]:      2953317    2884.099     2.817
openf___224_> Open           ${MODINSTALL9v24}/modlib/chi1234.bin
openf___224_> Open           ${MODINSTALL9v24}/modlib/chi2.mdt
getdata_643_> Protein accepted:  4hpg.pdb
getdata_289_> Proteins (all/accepted):        1        1
make_re_422_> Number of previous, current restraints         :    14082    14315
make_re_423_> Number of previous, current selected restraints:    13688    13921
make_re_417_> Restraint type to be calculated:  chi3_dihedral

Dynamically allocated memory at   amaxstructure [B,KiB,MiB]:      2953317    2884.099     2.817
openf___224_> Open           ${MODINSTALL9v24}/modlib/chi1234.bin
openf___224_> Open           ${MODINSTALL9v24}/modlib/chi3.mdt
getdata_643_> Protein accepted:  4hpg.pdb
getdata_289_> Proteins (all/accepted):        1        1
make_re_422_> Number of previous, current restraints         :    14315    14401
make_re_423_> Number of previous, current selected restraints:    13921    14007
make_re_417_> Restraint type to be calculated:  chi4_dihedral

Dynamically allocated memory at   amaxstructure [B,KiB,MiB]:      2953317    2884.099     2.817
openf___224_> Open           ${MODINSTALL9v24}/modlib/chi1234.bin
openf___224_> Open           ${MODINSTALL9v24}/modlib/chi4.mdt
mdtrsr__446W> A potential that relies on one protein is used, yet you have at
              least one known structure available. MDT, not library, potential is used.
getdata_643_> Protein accepted:  4hpg.pdb
getdata_289_> Proteins (all/accepted):        1        1
make_re_422_> Number of previous, current restraints         :    14401    14435
make_re_423_> Number of previous, current selected restraints:    14007    14041
make_re_417_> Restraint type to be calculated:  DISTANCE

Dynamically allocated memory at amaxhash_contac [B,KiB,MiB]:      3796257    3707.282     3.620

Dynamically allocated memory at  amaxrestraints [B,KiB,MiB]:      4058401    3963.282     3.870

Dynamically allocated memory at  amaxrestraints [B,KiB,MiB]:      4320545    4219.282     4.120

Dynamically allocated memory at  amaxrestraints [B,KiB,MiB]:      4844833    4731.282     4.620
make_re_422_> Number of previous, current restraints         :    14435    21230
make_re_423_> Number of previous, current selected restraints:    14041    20836
make_re_417_> Restraint type to be calculated:  DISTANCE

Dynamically allocated memory at  amaxrestraints [B,KiB,MiB]:      5106977    4987.282     4.870
make_re_422_> Number of previous, current restraints         :    21230    27965
make_re_423_> Number of previous, current selected restraints:    20836    27571
make_re_417_> Restraint type to be calculated:  DISTANCE

Dynamically allocated memory at  amaxrestraints [B,KiB,MiB]:      5631265    5499.282     5.370
make_re_422_> Number of previous, current restraints         :    27965    32983
make_re_423_> Number of previous, current selected restraints:    27571    32589
make_re_417_> Restraint type to be calculated:  DISTANCE
make_re_422_> Number of previous, current restraints         :    32983    36427
make_re_423_> Number of previous, current selected restraints:    32589    36033
0 atoms in HETATM/BLK residues constrained
to protein atoms within 2.30 angstroms
and protein CA atoms within 10.00 angstroms
make_re_417_> Restraint type to be calculated:  DISTANCE
make_re_422_> Number of previous, current restraints         :    36427    36427
make_re_423_> Number of previous, current selected restraints:    36033    36033
make_re_417_> Restraint type to be calculated:  DISTANCE
make_re_422_> Number of previous, current restraints         :    36427    36427
make_re_423_> Number of previous, current selected restraints:    36033    36033
make_re_417_> Restraint type to be calculated:  DISTANCE
make_re_422_> Number of previous, current restraints         :    36427    36427
make_re_423_> Number of previous, current selected restraints:    36033    36033
make_re_417_> Restraint type to be calculated:  DISTANCE
make_re_422_> Number of previous, current restraints         :    36427    36427
make_re_423_> Number of previous, current selected restraints:    36033    36033
0 atoms in residues without defined topology
constrained to be rigid bodies
make_re_417_> Restraint type to be calculated:  DISTANCE
make_re_422_> Number of previous, current restraints         :    36427    36427
make_re_423_> Number of previous, current selected restraints:    36033    36033
rmdupl__427_>     2258 redundant cosine dihedral restraints were unselected.
condens_443_> Restraints marked for deletion were removed.
              Total number of restraints before, now:    36427    33775
openf___224_> Open           beta_glucosidase.fasta.rsr
openf___224_> Open           beta_glucosidase.fasta.rsr

Dynamically allocated memory at  amaxrestraints [B,KiB,MiB]:      5605106    5473.736     5.345

Dynamically allocated memory at  amaxrestraints [B,KiB,MiB]:      6391538    6241.736     6.095
rdcsr2__307_> Number of restraints read    :    33775
              Number of excluded pairs read:        0
              Number of pseudo atoms read  :        0
rdcsrs__304_> Restraints in memory, selected restraints:    33775    33775
              Explicitly excluded atom pairs in memory :        0
              Pseudo atoms in memory                   :        0
openf___224_> Open           beta_glucosidase.fasta.ini

Dynamically allocated memory at       amaxmodel [B,KiB,MiB]:      6391562    6241.760     6.095
read_mo_297_> Segments, residues, atoms:        1      374     2927
read_mo_298_> Segment:        1     1   374     2927
randomi_498_> Atoms,selected atoms,random_seed,amplitude:     2927     2927        1        4.0000
randomi_496_> Amplitude is > 0; randomization is done.
pick_re_612_> Number of MODEL atoms, selected restraints;     2927    17983
pick_re_612_> Number of MODEL atoms, selected restraints;     2927    20192
pick_re_612_> Number of MODEL atoms, selected restraints;     2927    21398
pick_re_612_> Number of MODEL atoms, selected restraints;     2927    22833
pick_re_612_> Number of MODEL atoms, selected restraints;     2927    24557
pick_re_612_> Number of MODEL atoms, selected restraints;     2927    25535
pick_re_612_> Number of MODEL atoms, selected restraints;     2927    28631
pick_re_612_> Number of MODEL atoms, selected restraints;     2927    31749
pick_re_612_> Number of MODEL atoms, selected restraints;     2927    32293

Dynamically allocated memory at  amaxrestraints [B,KiB,MiB]:      6754390    6596.084     6.441
pick_re_612_> Number of MODEL atoms, selected restraints;     2927    32491
pick_re_612_> Number of MODEL atoms, selected restraints;     2927    33738
pick_re_612_> Number of MODEL atoms, selected restraints;     2927    33775
iupac_m_483_> CD1/2 CE1/2 swapped:      -97.0116       59    59
iupac_m_397W> Atoms were not swapped because of the uncertainty of how to handle the H atom.
iupac_m_487_> NH1/2 swapped:      176.9745       74    74
iupac_m_487_> NH1/2 swapped:      179.7482      114   114
iupac_m_487_> NH1/2 swapped:      176.5610      123   123
iupac_m_487_> NH1/2 swapped:     -179.8493      136   136
iupac_m_487_> NH1/2 swapped:      179.8345      150   150
iupac_m_485_> OD1/2 will be swapped:      168.0696      163   163
iupac_m_487_> NH1/2 swapped:      178.8431      188   188
iupac_m_487_> NH1/2 swapped:     -178.2330      192   192
iupac_m_487_> NH1/2 swapped:      178.8837      206   206
iupac_m_483_> CD1/2 CE1/2 swapped:      -94.0693      214   214
iupac_m_397W> Atoms were not swapped because of the uncertainty of how to handle the H atom.
iupac_m_487_> NH1/2 swapped:     -177.6641      264   264
iupac_m_486_> OE1/2 will be swapped:      152.7485      271   271
iupac_m_487_> NH1/2 swapped:     -179.2975      293   293
iupac_m_487_> NH1/2 swapped:      173.1175      310   310
iupac_m_487_> NH1/2 swapped:     -177.3515      313   313
iupac_m_483_> CD1/2 CE1/2 swapped:      -94.0934      318   318
iupac_m_397W> Atoms were not swapped because of the uncertainty of how to handle the H atom.
iupac_m_485_> OD1/2 will be swapped:      121.8045      324   324
iupac_m_486_> OE1/2 will be swapped:      178.3664      325   325
iupac_m_486_> OE1/2 will be swapped:      170.6685      333   333
iupac_m_483_> CD1/2 CE1/2 swapped:      -98.8174      339   339
iupac_m_397W> Atoms were not swapped because of the uncertainty of how to handle the H atom.
iupac_m_485_> OD1/2 will be swapped:      146.7475      358   358


>> ENERGY; Differences between the model's features and restraints:
Number of all residues in MODEL                   :      374
Number of all, selected real atoms                :     2927    2927
Number of all, selected pseudo atoms              :        0       0
Number of all static, selected restraints         :    33775   33775
COVALENT_CYS                                      :        F
NONBONDED_SEL_ATOMS                               :        1
Number of non-bonded pairs (excluding 1-2,1-3,1-4):     5932
Dynamic pairs routine                             : 2, NATM x NATM cell sorting
Atomic shift for contacts update (UPDATE_DYNAMIC) :    0.390
LENNARD_JONES_SWITCH                              :    6.500   7.500
COULOMB_JONES_SWITCH                              :    6.500   7.500
RESIDUE_SPAN_RANGE                                :        0   99999
NLOGN_USE                                         :       15
CONTACT_SHELL                                     :    4.000
DYNAMIC_PAIRS,_SPHERE,_COULOMB,_LENNARD,_MODELLER :        T       T       F       F       F
SPHERE_STDV                                       :    0.050
RADII_FACTOR                                      :    0.820
Current energy                                    :        2072.6064





Summary of the restraint violations: 

   NUM     ... number of restraints.
   NUMVI   ... number of restraints with RVIOL > VIOL_REPORT_CUT[i].
   RVIOL   ... relative difference from the best value.
   NUMVP   ... number of restraints with -Ln(pdf) > VIOL_REPORT_CUT2[i].
   RMS_1   ... RMS(feature, minimally_violated_basis_restraint, NUMB).
   RMS_2   ... RMS(feature, best_value, NUMB).
   MOL.PDF ... scaled contribution to -Ln(Molecular pdf).

 #                     RESTRAINT_GROUP      NUM   NUMVI  NUMVP   RMS_1   RMS_2         MOL.PDF     S_i
------------------------------------------------------------------------------------------------------
 1 Bond length potential              :    3002       0      0   0.005   0.005      22.792       1.000
 2 Bond angle potential               :    4086       1     17   2.119   2.119      360.56       1.000
 3 Stereochemical cosine torsion poten:    2006       0     70  48.056  48.056      704.36       1.000
 4 Stereochemical improper torsion pot:    1273       0      0   1.188   1.188      41.208       1.000
 5 Soft-sphere overlap restraints     :    5932       0      0   0.002   0.002      2.3377       1.000
 6 Lennard-Jones 6-12 potential       :       0       0      0   0.000   0.000      0.0000       1.000
 7 Coulomb point-point electrostatic p:       0       0      0   0.000   0.000      0.0000       1.000
 8 H-bonding potential                :       0       0      0   0.000   0.000      0.0000       1.000
 9 Distance restraints 1 (CA-CA)      :    6795       0      0   0.097   0.097      80.944       1.000
10 Distance restraints 2 (N-O)        :    6735       2     10   0.180   0.180      228.24       1.000
11 Mainchain Phi dihedral restraints  :       0       0      0   0.000   0.000      0.0000       1.000
12 Mainchain Psi dihedral restraints  :       0       0      0   0.000   0.000      0.0000       1.000
13 Mainchain Omega dihedral restraints:     373       0      3   4.296   4.296      79.524       1.000
14 Sidechain Chi_1 dihedral restraints:     318       0      0  55.472  55.472      15.483       1.000
15 Sidechain Chi_2 dihedral restraints:     233       0      0  59.458  59.458      49.942       1.000
16 Sidechain Chi_3 dihedral restraints:      86       0      0  61.861  61.861      43.220       1.000
17 Sidechain Chi_4 dihedral restraints:      34       0      0  94.281  94.281      24.824       1.000
18 Disulfide distance restraints      :       0       0      0   0.000   0.000      0.0000       1.000
19 Disulfide angle restraints         :       0       0      0   0.000   0.000      0.0000       1.000
20 Disulfide dihedral angle restraints:       0       0      0   0.000   0.000      0.0000       1.000
21 Lower bound distance restraints    :       0       0      0   0.000   0.000      0.0000       1.000
22 Upper bound distance restraints    :       0       0      0   0.000   0.000      0.0000       1.000
23 Distance restraints 3 (SDCH-MNCH)  :    5018       0      0   0.340   0.340      109.93       1.000
24 Sidechain Chi_5 dihedral restraints:       0       0      0   0.000   0.000      0.0000       1.000
25 Phi/Psi pair of dihedral restraints:     372      50     34  25.459  64.294      134.48       1.000
26 Distance restraints 4 (SDCH-SDCH)  :    3444       0      0   0.602   0.602      174.77       1.000
27 Distance restraints 5 (X-Y)        :       0       0      0   0.000   0.000      0.0000       1.000
28 NMR distance restraints 6 (X-Y)    :       0       0      0   0.000   0.000      0.0000       1.000
29 NMR distance restraints 7 (X-Y)    :       0       0      0   0.000   0.000      0.0000       1.000
30 Minimal distance restraints        :       0       0      0   0.000   0.000      0.0000       1.000
31 Non-bonded restraints              :       0       0      0   0.000   0.000      0.0000       1.000
32 Atomic accessibility restraints    :       0       0      0   0.000   0.000      0.0000       1.000
33 Atomic density restraints          :       0       0      0   0.000   0.000      0.0000       1.000
34 Absolute position restraints       :       0       0      0   0.000   0.000      0.0000       1.000
35 Dihedral angle difference restraint:       0       0      0   0.000   0.000      0.0000       1.000
36 GBSA implicit solvent potential    :       0       0      0   0.000   0.000      0.0000       1.000
37 EM density fitting potential       :       0       0      0   0.000   0.000      0.0000       1.000
38 SAXS restraints                    :       0       0      0   0.000   0.000      0.0000       1.000
39 Symmetry restraints                :       0       0      0   0.000   0.000      0.0000       1.000



openf___224_> Open           beta_glucosidase.fasta.V99990001
# Heavy relative violation of each residue is written to: beta_glucosidase.fasta.V99990001
# The profile is NOT normalized by the number of restraints.
# The profiles are smoothed over a window of residues:    1
# The sum of all numbers in the file:   36433.2461



List of the violated restraints:
   A restraint is violated when the relative difference
   from the best value (RVIOL) is larger than CUTOFF.

   ICSR   ... index of a restraint in the current set.
   RESNO  ... residue numbers of the first two atoms.
   ATM    ... IUPAC atom names of the first two atoms.
   FEAT   ... the value of the feature in the model.
   restr  ... the mean of the basis restraint with the smallest
              difference from the model (local minimum).
   viol   ... difference from the local minimum.
   rviol  ... relative difference from the local minimum.
   RESTR  ... the best value (global minimum).
   VIOL   ... difference from the best value.
   RVIOL  ... relative difference from the best value.


-------------------------------------------------------------------------------------------------

Feature  2                           : Bond angle potential                    
List of the RVIOL violations larger than   :       4.5000

    #   ICSR  RESNO1/2 ATM1/2   INDATM1/2    FEAT   restr    viol   rviol   RESTR    VIOL   RVIOL
    1   6448 320F 321A C   N    2465 2467  149.06  120.00   29.06    6.60  120.00   29.06    6.60

-------------------------------------------------------------------------------------------------

Feature 25                           : Phi/Psi pair of dihedral restraints     
List of the RVIOL violations larger than   :       6.5000

    #   ICSR  RESNO1/2 ATM1/2   INDATM1/2    FEAT   restr    viol   rviol   RESTR    VIOL   RVIOL
    1  10368   1M   2A C   N       7    9  -68.59  -68.20    7.50    0.59  -62.50  166.43   27.58
    1          2A   2A N   CA      9   10  152.79  145.30                  -40.90
    2  10370   3I   4S C   N      20   22  -80.63  -72.40   22.10    1.06  -64.10  152.98   12.14
    2          4S   4S N   CA     22   23  172.92  152.40                  -35.00
    3  10371   4S   5S C   N      26   28  -80.69  -72.40   21.60    1.03  -64.10  153.55   12.19
    3          5S   5S N   CA     28   29  172.35  152.40                  -35.00
    4  10372   5S   6S C   N      32   34 -104.30  -72.40   32.35    2.45  -64.10 -177.51   15.95
    4          6S   6S N   CA     34   35  146.99  152.40                  -35.00
    5  10373   6S   7T C   N      38   40 -132.96 -124.80   30.89    1.10  -63.20  160.55   25.13
    5          7T   7T N   CA     40   41  173.29  143.50                  -42.10
    6  10374   7T   8S C   N      45   47  -77.95  -72.40    7.12    0.35  -64.10  168.71   13.10
    6          8S   8S N   CA     47   48  156.86  152.40                  -35.00
    7  10375   8S   9G C   N      51   53  -64.83  -62.40    2.72    0.51   82.20  155.60   11.84
    7          9G   9G N   CA     53   54  -42.42  -41.20                    8.50
    8  10376   9G  10T C   N      55   57  -78.06  -78.10    3.91    0.17  -63.20  164.86   22.13
    8         10T  10T N   CA     57   58  153.71  149.80                  -42.10
    9  10377  10T  11S C   N      62   64  -65.20  -72.40   13.34    0.61  -64.10  176.17   12.70
    9         11S  11S N   CA     64   65  141.17  152.40                  -35.00
   10  10378  11S  12S C   N      68   70  -94.06  -72.40   61.10    4.33  -64.10  133.67    8.39
   10         12S  12S N   CA     70   71   95.27  152.40                  -35.00
   11  10379  12S  13S C   N      74   76 -165.09 -136.60   28.67    1.22  -64.10 -156.21   22.04
   11         13S  13S N   CA     76   77  147.99  151.20                  -35.00
   12  10380  13S  14F C   N      80   82 -124.19 -124.20    7.18    0.34  -63.20 -170.35   30.38
   12         14F  14F N   CA     82   83  136.12  143.30                  -44.30
   13  10382  15P  16S C   N      98  100  -65.09  -72.40   11.12    0.52  -64.10  179.03   12.91
   13         16S  16S N   CA    100  101  144.02  152.40                  -35.00
   14  10383  16S  17R C   N     104  106 -160.91 -125.20   44.01    1.30  -63.00 -178.70   31.00
   14         17R  17R N   CA    106  107  166.32  140.60                  -41.10
   15  10384  17R  18T C   N     115  117 -115.16 -124.80   10.13    0.45  -63.20 -175.04   27.18
   15         18T  18T N   CA    117  118  140.39  143.50                  -42.10
   16  10385  18T  19T C   N     122  124 -119.04 -124.80    8.59    0.27  -63.20 -172.27   20.90
   16         19T  19T N   CA    124  125  137.13  143.50                  -42.10
   17  10387  20V  21M C   N     136  138 -116.12 -125.60   16.02    0.53  -63.40  176.16   22.80
   17         21M  21M N   CA    138  139  127.58  140.50                  -40.50
   18  10388  21M  22L C   N     144  146 -133.99 -108.50   26.04    1.18  -63.50 -167.57   23.78
   18         22L  22L N   CA    146  147  137.86  132.50                  -41.20
   19  10389  22L  23L C   N     152  154 -129.66 -108.50   21.16    1.01  -63.50 -174.16   23.01
   19         23L  23L N   CA    154  155  132.47  132.50                  -41.20
   20  10390  23L  24L C   N     160  162 -120.41 -108.50   17.52    0.99  -63.50  170.63   21.21
   20         24L  24L N   CA    162  163  119.66  132.50                  -41.20
   21  10391  24L  25F C   N     168  170 -154.53 -124.20   41.97    1.12  -63.20  170.01   29.29
   21         25F  25F N   CA    170  171  172.31  143.30                  -44.30
   22  10392  25F  26F C   N     179  181  -83.31  -71.40   39.09    3.40  -63.20  149.14   19.39
   22         26F  26F N   CA    181  182  103.47  140.70                  -44.30
   23  10393  26F  27F C   N     190  192 -103.95 -124.20   43.42    1.45  -63.20  154.66   18.95
   23         27F  27F N   CA    192  193  104.89  143.30                  -44.30
   24  10394  27F  28A C   N     201  203  168.56 -134.00   58.27    1.59  -62.50 -152.69   40.71
   24         28A  28A N   CA    203  204  156.77  147.00                  -40.90
   25  10395  28A  29A C   N     206  208  179.06 -134.00   47.80    1.27  -62.50 -158.41   39.27
   25         29A  29A N   CA    208  209  155.98  147.00                  -40.90
   26  10396  29A  30S C   N     211  213 -118.48 -136.60   39.13    1.52  -64.10  160.98    9.92
   26         30S  30S N   CA    213  214  116.52  151.20                  -35.00
   27  10398  31V  32G C   N     224  226   59.81   78.70   56.46    0.92   82.20  123.45    7.09
   27         32G  32G N   CA    226  227 -112.90 -166.10                    8.50
   28  10400  33I  34T C   N     236  238  -65.26  -78.10   16.27    1.07  -63.20  158.11   20.41
   28         34T  34T N   CA    238  239  159.80  149.80                  -42.10
   29  10401  34T  35D C   N     243  245  -71.82  -70.90    7.21    0.31  -63.30  162.78   20.62
   29         35D  35D N   CA    245  246  157.45  150.30                  -40.00
   30  10402  35D  36A C   N     251  253 -122.85 -134.00   14.76    0.84  -62.50  173.28   31.62
   30         36A  36A N   CA    253  254  156.67  147.00                  -40.90
   31  10403  36A  37Q C   N     256  258 -121.11 -121.10   28.94    1.38  -63.80  161.57   26.79
   31         37Q  37Q N   CA    258  259  168.64  139.70                  -40.30
   32  10411  44M  45Q C   N     313  315  -57.80  -63.80   42.44    6.56  -63.80   42.44    6.56
   32         45Q  45Q N   CA    315  316    1.71  -40.30                  -40.30
   33  10414  47N  48N C   N     334  336 -120.43 -119.90   80.19    3.66  -63.20  113.41   12.19
   33         48N  48N N   CA    336  337   56.81  137.00                  -41.10
   34  10447  80L  81R C   N     599  601   -7.12  -63.00   97.12   11.03  -72.10  117.22   10.11
   34         81R  81R N   CA    601  602 -120.54  -41.10                  141.90
   35  10448  81R  82G C   N     610  612  -58.14  -62.40   35.86    5.57   82.20  141.05    9.94
   35         82G  82G N   CA    612  613   -5.59  -41.20                    8.50
   36  10545 178N 179S C   N    1355 1357 -147.17  -64.10   93.44    9.62  -64.10   93.44    9.62
   36        179S 179S N   CA   1357 1358    7.78  -35.00                  -35.00
   37  10588 221Y 222N C   N    1702 1704 -136.60 -119.90   60.50    3.08  -63.20  140.63   15.11
   37        222N 222N N   CA   1704 1705   78.85  137.00                  -41.10
   38  10718 351F 352S C   N    2740 2742  -87.84  -72.40   50.20    2.47  -64.10  127.07   10.79
   38        352S 352S N   CA   2742 2743 -159.84  152.40                  -35.00
   39  10719 352S 353A C   N    2746 2748 -124.14 -134.00   58.82    3.09  -62.50  143.80   21.57
   39        353A 353A N   CA   2748 2749   89.01  147.00                  -40.90
   40  10721 354E 355K C   N    2760 2762 -141.66 -118.00   36.10    1.31  -62.90  171.93   27.04
   40        355K 355K N   CA   2762 2763  166.37  139.10                  -40.80
   41  10722 355K 356N C   N    2769 2771  -78.61  -71.20    7.47    0.52  -63.20  175.81   22.84
   41        356N 356N N   CA   2771 2772  143.77  142.80                  -41.10
   42  10726 359I 360S C   N    2807 2809  -93.15  -72.40   45.95    2.13  -64.10  134.76   11.73
   42        360S 360S N   CA   2809 2810 -166.60  152.40                  -35.00
   43  10728 361T 362E C   N    2820 2822 -154.66 -117.80   37.14    1.25  -63.60 -159.75   31.77
   43        362E 362E N   CA   2822 2823  141.35  136.80                  -40.30
   44  10729 362E 363H C   N    2829 2831 -167.75 -125.60   86.41    2.41  -63.20  147.10   24.70
   44        363H 363H N   CA   2831 2832 -145.77  138.80                  -42.30
   45  10730 363H 364N C   N    2839 2841  -62.01  -71.20    9.70    0.62  -63.20  179.21   22.34
   45        364N 364N N   CA   2841 2842  139.69  142.80                  -41.10
   46  10732 365A 366T C   N    2852 2854  -92.80  -78.10   32.24    1.05  -63.20  142.51   20.25
   46        366T 366T N   CA   2854 2855  178.49  149.80                  -42.10
   47  10735 368L 369F C   N    2875 2877 -128.46 -124.20   18.84    0.98  -63.20 -178.60   21.38
   47        369F 369F N   CA   2877 2878  124.95  143.30                  -44.30
   48  10736 369F 370L C   N    2886 2888 -121.67 -108.50   75.60    4.21  -63.50  115.05   14.11
   48        370L 370L N   CA   2888 2889   58.06  132.50                  -41.20
   49  10738 371K 372S C   N    2903 2905 -171.07 -136.60   34.64    1.47  -64.10 -152.96   22.71
   49        372S 372S N   CA   2905 2906  147.73  151.20                  -35.00
   50  10739 372S 373D C   N    2909 2911  -91.45  -70.90   21.81    1.35  -63.30  164.83   22.13
   50        373D 373D N   CA   2911 2912  157.59  150.30                  -40.00


report______> Distribution of short non-bonded contacts:


DISTANCE1:  0.00 2.10 2.20 2.30 2.40 2.50 2.60 2.70 2.80 2.90 3.00 3.10 3.20 3.30 3.40
DISTANCE2:  2.10 2.20 2.30 2.40 2.50 2.60 2.70 2.80 2.90 3.00 3.10 3.20 3.30 3.40 3.50
FREQUENCY:     0    0    0    0    2   13   41  103  175  227  256  288  430  444  438


<< end of ENERGY.
openf___224_> Open           beta_glucosidase.fasta.B99990001.pdb
wrpdb___568_> Residues, atoms, selected atoms:      374     2927     2927
openf___224_> Open           beta_glucosidase.fasta.ini

Dynamically allocated memory at       amaxmodel [B,KiB,MiB]:      6754414    6596.107     6.442
read_mo_297_> Segments, residues, atoms:        1      374     2927
read_mo_298_> Segment:        1     1   374     2927
randomi_498_> Atoms,selected atoms,random_seed,amplitude:     2927     2927        1        4.0000
randomi_496_> Amplitude is > 0; randomization is done.
pick_re_612_> Number of MODEL atoms, selected restraints;     2927    17983
pick_re_612_> Number of MODEL atoms, selected restraints;     2927    20192
pick_re_612_> Number of MODEL atoms, selected restraints;     2927    21398
pick_re_612_> Number of MODEL atoms, selected restraints;     2927    22833
pick_re_612_> Number of MODEL atoms, selected restraints;     2927    24557
pick_re_612_> Number of MODEL atoms, selected restraints;     2927    25535
pick_re_612_> Number of MODEL atoms, selected restraints;     2927    28631
pick_re_612_> Number of MODEL atoms, selected restraints;     2927    31749
pick_re_612_> Number of MODEL atoms, selected restraints;     2927    32293
pick_re_612_> Number of MODEL atoms, selected restraints;     2927    32491
pick_re_612_> Number of MODEL atoms, selected restraints;     2927    33738
pick_re_612_> Number of MODEL atoms, selected restraints;     2927    33775
iupac_m_487_> NH1/2 swapped:      179.8916       17    17
iupac_m_485_> OD1/2 will be swapped:      136.7222       35    35
iupac_m_483_> CD1/2 CE1/2 swapped:      -99.0519       59    59
iupac_m_397W> Atoms were not swapped because of the uncertainty of how to handle the H atom.
iupac_m_487_> NH1/2 swapped:      171.9911       68    68
iupac_m_487_> NH1/2 swapped:     -174.6042      123   123
iupac_m_485_> OD1/2 will be swapped:      167.2343      163   163
iupac_m_487_> NH1/2 swapped:      177.2467      188   188
iupac_m_485_> OD1/2 will be swapped:      110.5288      189   189
iupac_m_483_> CD1/2 CE1/2 swapped:      -93.2989      214   214
iupac_m_397W> Atoms were not swapped because of the uncertainty of how to handle the H atom.
iupac_m_483_> CD1/2 CE1/2 swapped:       94.7065      221   221
iupac_m_397W> Atoms were not swapped because of the uncertainty of how to handle the H atom.
iupac_m_487_> NH1/2 swapped:      177.8014      245   245
iupac_m_487_> NH1/2 swapped:      177.9397      313   313
iupac_m_483_> CD1/2 CE1/2 swapped:      -95.1245      318   318
iupac_m_397W> Atoms were not swapped because of the uncertainty of how to handle the H atom.
iupac_m_486_> OE1/2 will be swapped:     -165.7982      333   333
iupac_m_483_> CD1/2 CE1/2 swapped:      -93.8108      339   339
iupac_m_397W> Atoms were not swapped because of the uncertainty of how to handle the H atom.
iupac_m_485_> OD1/2 will be swapped:      161.2893      358   358
iupac_m_486_> OE1/2 will be swapped:      174.1411      362   362
iupac_m_485_> OD1/2 will be swapped:      129.5274      373   373


>> ENERGY; Differences between the model's features and restraints:
Number of all residues in MODEL                   :      374
Number of all, selected real atoms                :     2927    2927
Number of all, selected pseudo atoms              :        0       0
Number of all static, selected restraints         :    33775   33775
COVALENT_CYS                                      :        F
NONBONDED_SEL_ATOMS                               :        1
Number of non-bonded pairs (excluding 1-2,1-3,1-4):     5932
Dynamic pairs routine                             : 2, NATM x NATM cell sorting
Atomic shift for contacts update (UPDATE_DYNAMIC) :    0.390
LENNARD_JONES_SWITCH                              :    6.500   7.500
COULOMB_JONES_SWITCH                              :    6.500   7.500
RESIDUE_SPAN_RANGE                                :        0   99999
NLOGN_USE                                         :       15
CONTACT_SHELL                                     :    4.000
DYNAMIC_PAIRS,_SPHERE,_COULOMB,_LENNARD,_MODELLER :        T       T       F       F       F
SPHERE_STDV                                       :    0.050
RADII_FACTOR                                      :    0.820
Current energy                                    :        2115.0159





Summary of the restraint violations: 

   NUM     ... number of restraints.
   NUMVI   ... number of restraints with RVIOL > VIOL_REPORT_CUT[i].
   RVIOL   ... relative difference from the best value.
   NUMVP   ... number of restraints with -Ln(pdf) > VIOL_REPORT_CUT2[i].
   RMS_1   ... RMS(feature, minimally_violated_basis_restraint, NUMB).
   RMS_2   ... RMS(feature, best_value, NUMB).
   MOL.PDF ... scaled contribution to -Ln(Molecular pdf).

 #                     RESTRAINT_GROUP      NUM   NUMVI  NUMVP   RMS_1   RMS_2         MOL.PDF     S_i
------------------------------------------------------------------------------------------------------
 1 Bond length potential              :    3002       0      0   0.005   0.005      22.246       1.000
 2 Bond angle potential               :    4086       1     20   2.130   2.130      362.31       1.000
 3 Stereochemical cosine torsion poten:    2006       0     73  48.436  48.436      714.29       1.000
 4 Stereochemical improper torsion pot:    1273       0      0   1.192   1.192      41.566       1.000
 5 Soft-sphere overlap restraints     :    5932       0      0   0.001   0.001      1.0766       1.000
 6 Lennard-Jones 6-12 potential       :       0       0      0   0.000   0.000      0.0000       1.000
 7 Coulomb point-point electrostatic p:       0       0      0   0.000   0.000      0.0000       1.000
 8 H-bonding potential                :       0       0      0   0.000   0.000      0.0000       1.000
 9 Distance restraints 1 (CA-CA)      :    6795       0      0   0.098   0.098      84.120       1.000
10 Distance restraints 2 (N-O)        :    6735       1     13   0.179   0.179      226.83       1.000
11 Mainchain Phi dihedral restraints  :       0       0      0   0.000   0.000      0.0000       1.000
12 Mainchain Psi dihedral restraints  :       0       0      0   0.000   0.000      0.0000       1.000
13 Mainchain Omega dihedral restraints:     373       0      4   4.249   4.249      77.771       1.000
14 Sidechain Chi_1 dihedral restraints:     318       0      1  58.295  58.295      29.213       1.000
15 Sidechain Chi_2 dihedral restraints:     233       0      0  55.109  55.109      52.458       1.000
16 Sidechain Chi_3 dihedral restraints:      86       0      0  70.833  70.833      46.311       1.000
17 Sidechain Chi_4 dihedral restraints:      34       0      0  94.440  94.440      22.662       1.000
18 Disulfide distance restraints      :       0       0      0   0.000   0.000      0.0000       1.000
19 Disulfide angle restraints         :       0       0      0   0.000   0.000      0.0000       1.000
20 Disulfide dihedral angle restraints:       0       0      0   0.000   0.000      0.0000       1.000
21 Lower bound distance restraints    :       0       0      0   0.000   0.000      0.0000       1.000
22 Upper bound distance restraints    :       0       0      0   0.000   0.000      0.0000       1.000
23 Distance restraints 3 (SDCH-MNCH)  :    5018       0      0   0.352   0.352      120.39       1.000
24 Sidechain Chi_5 dihedral restraints:       0       0      0   0.000   0.000      0.0000       1.000
25 Phi/Psi pair of dihedral restraints:     372      55     35  25.709  69.565      127.99       1.000
26 Distance restraints 4 (SDCH-SDCH)  :    3444       0      1   0.613   0.613      185.79       1.000
27 Distance restraints 5 (X-Y)        :       0       0      0   0.000   0.000      0.0000       1.000
28 NMR distance restraints 6 (X-Y)    :       0       0      0   0.000   0.000      0.0000       1.000
29 NMR distance restraints 7 (X-Y)    :       0       0      0   0.000   0.000      0.0000       1.000
30 Minimal distance restraints        :       0       0      0   0.000   0.000      0.0000       1.000
31 Non-bonded restraints              :       0       0      0   0.000   0.000      0.0000       1.000
32 Atomic accessibility restraints    :       0       0      0   0.000   0.000      0.0000       1.000
33 Atomic density restraints          :       0       0      0   0.000   0.000      0.0000       1.000
34 Absolute position restraints       :       0       0      0   0.000   0.000      0.0000       1.000
35 Dihedral angle difference restraint:       0       0      0   0.000   0.000      0.0000       1.000
36 GBSA implicit solvent potential    :       0       0      0   0.000   0.000      0.0000       1.000
37 EM density fitting potential       :       0       0      0   0.000   0.000      0.0000       1.000
38 SAXS restraints                    :       0       0      0   0.000   0.000      0.0000       1.000
39 Symmetry restraints                :       0       0      0   0.000   0.000      0.0000       1.000



openf___224_> Open           beta_glucosidase.fasta.V99990002
# Heavy relative violation of each residue is written to: beta_glucosidase.fasta.V99990002
# The profile is NOT normalized by the number of restraints.
# The profiles are smoothed over a window of residues:    1
# The sum of all numbers in the file:   38435.7422



List of the violated restraints:
   A restraint is violated when the relative difference
   from the best value (RVIOL) is larger than CUTOFF.

   ICSR   ... index of a restraint in the current set.
   RESNO  ... residue numbers of the first two atoms.
   ATM    ... IUPAC atom names of the first two atoms.
   FEAT   ... the value of the feature in the model.
   restr  ... the mean of the basis restraint with the smallest
              difference from the model (local minimum).
   viol   ... difference from the local minimum.
   rviol  ... relative difference from the local minimum.
   RESTR  ... the best value (global minimum).
   VIOL   ... difference from the best value.
   RVIOL  ... relative difference from the best value.


-------------------------------------------------------------------------------------------------

Feature  2                           : Bond angle potential                    
List of the RVIOL violations larger than   :       4.5000

    #   ICSR  RESNO1/2 ATM1/2   INDATM1/2    FEAT   restr    viol   rviol   RESTR    VIOL   RVIOL
    1   6448 320F 321A C   N    2465 2467  149.27  120.00   29.27    6.65  120.00   29.27    6.65

-------------------------------------------------------------------------------------------------

Feature 10                           : Distance restraints 2 (N-O)             
List of the RVIOL violations larger than   :       4.5000

    #   ICSR  RESNO1/2 ATM1/2   INDATM1/2    FEAT   restr    viol   rviol   RESTR    VIOL   RVIOL
    1  22483 217F 285F N   O    1657 2187   10.41    7.96    2.44    4.55    7.96    2.44    4.55

-------------------------------------------------------------------------------------------------

Feature 25                           : Phi/Psi pair of dihedral restraints     
List of the RVIOL violations larger than   :       6.5000

    #   ICSR  RESNO1/2 ATM1/2   INDATM1/2    FEAT   restr    viol   rviol   RESTR    VIOL   RVIOL
    1  10368   1M   2A C   N       7    9  -67.85  -68.20    7.75    0.61  -62.50  178.54   29.00
    1          2A   2A N   CA      9   10  137.56  145.30                  -40.90
    2  10370   3I   4S C   N      20   22  -76.97  -72.40    8.26    0.38  -64.10  166.22   12.85
    2          4S   4S N   CA     22   23  159.28  152.40                  -35.00
    3  10371   4S   5S C   N      26   28 -115.98 -136.60   20.62    0.81  -64.10 -178.46   16.75
    3          5S   5S N   CA     28   29  151.02  151.20                  -35.00
    4  10372   5S   6S C   N      32   34  -99.44  -72.40   47.23    3.63  -64.10  152.83    9.56
    4          6S   6S N   CA     34   35  113.68  152.40                  -35.00
    5  10373   6S   7T C   N      38   40 -127.98 -124.80   22.22    1.05  -63.20  175.96   19.11
    5          7T   7T N   CA     40   41  121.50  143.50                  -42.10
    6  10374   7T   8S C   N      45   47 -154.77 -136.60   20.83    0.64  -64.10 -172.94   20.08
    6          8S   8S N   CA     47   48  161.38  151.20                  -35.00
    7  10376   9G  10T C   N      55   57  -85.70  -78.10   13.87    0.84  -63.20 -178.89   24.72
    7         10T  10T N   CA     57   58  138.19  149.80                  -42.10
    8  10377  10T  11S C   N      62   64 -138.09 -136.60   11.95    0.63  -64.10 -170.61   11.78
    8         11S  11S N   CA     64   65  139.34  151.20                  -35.00
    9  10378  11S  12S C   N      68   70  -77.72  -72.40    7.08    0.34  -64.10  168.48   13.06
    9         12S  12S N   CA     70   71  157.07  152.40                  -35.00
   10  10379  12S  13S C   N      74   76 -128.82 -136.60    8.32    0.26  -64.10 -171.77   18.20
   10         13S  13S N   CA     76   77  148.25  151.20                  -35.00
   11  10380  13S  14F C   N      80   82 -127.94 -124.20    4.18    0.11  -63.20 -177.60   29.59
   11         14F  14F N   CA     82   83  145.18  143.30                  -44.30
   12  10382  15P  16S C   N      98  100 -154.27 -136.60   21.73    0.67  -64.10 -175.33   19.87
   12         16S  16S N   CA    100  101  163.84  151.20                  -35.00
   13  10383  16S  17R C   N     104  106  -77.87  -72.10    5.80    0.43  -63.00  177.04   24.93
   13         17R  17R N   CA    106  107  142.49  141.90                  -41.10
   14  10384  17R  18T C   N     115  117 -134.20 -124.80   32.66    1.14  -63.20  159.77   25.11
   14         18T  18T N   CA    117  118  174.77  143.50                  -42.10
   15  10385  18T  19T C   N     122  124 -116.76 -124.80   15.94    0.90  -63.20  169.33   25.27
   15         19T  19T N   CA    124  125  157.26  143.50                  -42.10
   16  10387  20V  21M C   N     136  138  -72.64  -73.00    5.11    0.34  -63.40  178.64   25.96
   16         21M  21M N   CA    138  139  137.90  143.00                  -40.50
   17  10388  21M  22L C   N     144  146 -101.39 -108.50    7.95    0.35  -63.50  174.30   22.32
   17         22L  22L N   CA    146  147  128.93  132.50                  -41.20
   18  10389  22L  23L C   N     152  154  -98.58 -108.50   10.44    0.47  -63.50  174.01   22.40
   18         23L  23L N   CA    154  155  129.24  132.50                  -41.20
   19  10390  23L  24L C   N     160  162 -100.45 -108.50   10.37    0.58  -63.50 -176.49   27.73
   19         24L  24L N   CA    162  163  139.04  132.50                  -41.20
   20  10391  24L  25F C   N     168  170  -78.19  -71.40    7.95    0.45  -63.20  171.51   24.83
   20         25F  25F N   CA    170  171  144.85  140.70                  -44.30
   21  10392  25F  26F C   N     179  181  -82.21  -71.40   45.72    3.93  -63.20  141.86   18.45
   21         26F  26F N   CA    181  182   96.27  140.70                  -44.30
   22  10393  26F  27F C   N     190  192 -132.47 -124.20   12.99    0.72  -63.20 -169.38   22.44
   22         27F  27F N   CA    192  193  133.28  143.30                  -44.30
   23  10394  27F  28A C   N     201  203 -165.06 -134.00   34.41    0.78  -62.50 -172.23   36.21
   23         28A  28A N   CA    203  204  161.82  147.00                  -40.90
   24  10395  28A  29A C   N     206  208   79.82 -134.00  147.68    4.14  -62.50 -152.41   31.90
   24         29A  29A N   CA    208  209  167.98  147.00                  -40.90
   25  10396  29A  30S C   N     211  213  -77.42  -72.40   18.91    0.95  -64.10  154.94   12.07
   25         30S  30S N   CA    213  214  170.63  152.40                  -35.00
   26  10398  31V  32G C   N     224  226 -146.09 -167.20   23.53    0.36   82.20 -156.05   15.36
   26         32G  32G N   CA    226  227  164.22  174.60                    8.50
   27  10400  33I  34T C   N     236  238  -68.08  -78.10   37.47    1.94  -63.20  132.09   17.26
   27         34T  34T N   CA    238  239 -174.10  149.80                  -42.10
   28  10401  34T  35D C   N     243  245  -76.89  -96.50   53.34    2.25  -63.30  105.47   12.25
   28         35D  35D N   CA    245  246   64.60  114.20                  -40.00
   29  10402  35D  36A C   N     251  253 -140.96 -134.00   17.73    1.09  -62.50 -171.32   28.33
   29         36A  36A N   CA    253  254  130.69  147.00                  -40.90
   30  10403  36A  37Q C   N     256  258 -158.60 -121.10   45.66    1.41  -63.80 -179.19   31.41
   30         37Q  37Q N   CA    258  259  165.74  139.70                  -40.30
   31  10414  47N  48N C   N     334  336 -117.43 -119.90   79.69    3.56  -63.20  112.40   12.09
   31         48N  48N N   CA    336  337   57.35  137.00                  -41.10
   32  10545 178N 179S C   N    1355 1357 -148.61  -64.10   96.93    9.74  -64.10   96.93    9.74
   32        179S 179S N   CA   1357 1358   12.47  -35.00                  -35.00
   33  10588 221Y 222N C   N    1702 1704 -133.09 -119.90   59.31    2.97  -63.20  139.11   14.95
   33        222N 222N N   CA   1704 1705   79.17  137.00                  -41.10
   34  10651 284A 285F C   N    2175 2177  -51.94  -63.20   14.88    1.75 -124.20  177.99    9.69
   34        285F 285F N   CA   2177 2178  -54.04  -44.30                  143.30
   35  10652 285F 286A C   N    2186 2188 -123.62 -134.00   95.90    5.19   55.40  179.53   18.85
   35        286A 286A N   CA   2188 2189   51.66  147.00                   38.20
   36  10718 351F 352S C   N    2740 2742  -85.46  -72.40   53.81    2.74  -64.10  122.28   10.28
   36        352S 352S N   CA   2742 2743 -155.40  152.40                  -35.00
   37  10719 352S 353A C   N    2746 2748  -99.01  -68.20   49.21    4.81  -62.50  152.28   23.45
   37        353A 353A N   CA   2748 2749  106.94  145.30                  -40.90
   38  10720 353A 354E C   N    2751 2753 -156.87 -117.80   41.73    1.25  -63.60 -167.63   30.82
   38        354E 354E N   CA   2753 2754  151.46  136.80                  -40.30
   39  10721 354E 355K C   N    2760 2762 -138.28 -118.00   22.32    1.02  -62.90 -173.53   21.47
   39        355K 355K N   CA   2762 2763  129.76  139.10                  -40.80
   40  10722 355K 356N C   N    2769 2771  -77.85  -71.20   19.99    1.12  -63.20  157.94   20.56
   40        356N 356N N   CA   2771 2772  161.65  142.80                  -41.10
   41  10723 356N 357W C   N    2777 2779  -78.32  -71.30   46.26    3.68  -63.00  138.32   16.44
   41        357W 357W N   CA   2779 2780   93.27  139.00                  -44.20
   42  10724 357W 358D C   N    2791 2793 -126.60  -70.90   59.20    3.65  -63.30  162.49   24.15
   42        358D 358D N   CA   2793 2794  170.35  150.30                  -40.00
   43  10726 359I 360S C   N    2807 2809 -173.66 -136.60   50.62    1.61  -64.10  177.23   20.74
   43        360S 360S N   CA   2809 2810 -174.32  151.20                  -35.00
   44  10727 360S 361T C   N    2813 2815  -71.96  -78.10   12.60    0.74  -63.20  157.35   20.76
   44        361T 361T N   CA   2815 2816  160.80  149.80                  -42.10
   45  10728 361T 362E C   N    2820 2822 -110.83 -117.80    7.62    0.36  -63.60 -174.08   27.46
   45        362E 362E N   CA   2822 2823  139.88  136.80                  -40.30
   46  10729 362E 363H C   N    2829 2831 -105.22 -125.60   23.35    1.02  -63.20  172.69   24.33
   46        363H 363H N   CA   2831 2832  150.20  138.80                  -42.30
   47  10730 363H 364N C   N    2839 2841  -84.99  -71.20   25.82    2.01  -63.20  163.52   19.32
   47        364N 364N N   CA   2841 2842  120.96  142.80                  -41.10
   48  10731 364N 365A C   N    2847 2849 -116.46 -134.00   19.36    0.44  -62.50 -172.38   28.63
   48        365A 365A N   CA   2849 2850  138.79  147.00                  -40.90
   49  10732 365A 366T C   N    2852 2854  -81.78  -78.10    6.24    0.38  -63.20  174.13   23.56
   49        366T 366T N   CA   2854 2855  144.76  149.80                  -42.10
   50  10734 367I 368L C   N    2867 2869 -130.73 -108.50   23.84    1.06  -63.50 -170.02   30.54
   50        368L 368L N   CA   2869 2870  141.11  132.50                  -41.20
   51  10735 368L 369F C   N    2875 2877 -133.06 -124.20   18.26    0.60  -63.20  171.32   28.33
   51        369F 369F N   CA   2877 2878  159.27  143.30                  -44.30
   52  10736 369F 370L C   N    2886 2888 -114.07 -108.50   16.52    0.82  -63.50  178.07   27.84
   52        370L 370L N   CA   2888 2889  148.06  132.50                  -41.20
   53  10737 370L 371K C   N    2894 2896   49.36   56.60   11.98    0.67  -62.90  143.23   24.77
   53        371K 371K N   CA   2896 2897   48.14   38.60                  -40.80
   54  10738 371K 372S C   N    2903 2905  -68.54  -72.40   21.97    1.16  -64.10  165.83   11.76
   54        372S 372S N   CA   2905 2906  130.77  152.40                  -35.00
   55  10739 372S 373D C   N    2909 2911 -140.91  -96.50   50.20    2.08  -63.30 -166.19   20.66
   55        373D 373D N   CA   2911 2912  137.59  114.20                  -40.00


report______> Distribution of short non-bonded contacts:


DISTANCE1:  0.00 2.10 2.20 2.30 2.40 2.50 2.60 2.70 2.80 2.90 3.00 3.10 3.20 3.30 3.40
DISTANCE2:  2.10 2.20 2.30 2.40 2.50 2.60 2.70 2.80 2.90 3.00 3.10 3.20 3.30 3.40 3.50
FREQUENCY:     0    0    0    0    0   16   43  110  178  220  235  316  413  458  460


<< end of ENERGY.
openf___224_> Open           beta_glucosidase.fasta.B99990002.pdb
wrpdb___568_> Residues, atoms, selected atoms:      374     2927     2927
openf___224_> Open           beta_glucosidase.fasta.ini

Dynamically allocated memory at       amaxmodel [B,KiB,MiB]:      6754414    6596.107     6.442
read_mo_297_> Segments, residues, atoms:        1      374     2927
read_mo_298_> Segment:        1     1   374     2927
randomi_498_> Atoms,selected atoms,random_seed,amplitude:     2927     2927        1        4.0000
randomi_496_> Amplitude is > 0; randomization is done.
pick_re_612_> Number of MODEL atoms, selected restraints;     2927    17983
pick_re_612_> Number of MODEL atoms, selected restraints;     2927    20192
pick_re_612_> Number of MODEL atoms, selected restraints;     2927    21398
pick_re_612_> Number of MODEL atoms, selected restraints;     2927    22833
pick_re_612_> Number of MODEL atoms, selected restraints;     2927    24557
pick_re_612_> Number of MODEL atoms, selected restraints;     2927    25535
pick_re_612_> Number of MODEL atoms, selected restraints;     2927    28631
pick_re_612_> Number of MODEL atoms, selected restraints;     2927    31749
pick_re_612_> Number of MODEL atoms, selected restraints;     2927    32293
pick_re_612_> Number of MODEL atoms, selected restraints;     2927    32491
pick_re_612_> Number of MODEL atoms, selected restraints;     2927    33738
pick_re_612_> Number of MODEL atoms, selected restraints;     2927    33775
iupac_m_485_> OD1/2 will be swapped:      158.3915       35    35
iupac_m_483_> CD1/2 CE1/2 swapped:      -96.4089       59    59
iupac_m_397W> Atoms were not swapped because of the uncertainty of how to handle the H atom.
iupac_m_487_> NH1/2 swapped:     -178.7297       74    74
iupac_m_486_> OE1/2 will be swapped:      179.0136       78    78
iupac_m_487_> NH1/2 swapped:     -177.0792       81    81
iupac_m_487_> NH1/2 swapped:     -178.0044      114   114
iupac_m_487_> NH1/2 swapped:     -174.3994      123   123
iupac_m_487_> NH1/2 swapped:     -179.6385      136   136
iupac_m_485_> OD1/2 will be swapped:     -163.3451      163   163
iupac_m_487_> NH1/2 swapped:      178.5108      192   192
iupac_m_483_> CD1/2 CE1/2 swapped:      -93.0814      214   214
iupac_m_397W> Atoms were not swapped because of the uncertainty of how to handle the H atom.
iupac_m_483_> CD1/2 CE1/2 swapped:      -94.0820      233   233
iupac_m_397W> Atoms were not swapped because of the uncertainty of how to handle the H atom.
iupac_m_487_> NH1/2 swapped:     -178.6520      245   245
iupac_m_487_> NH1/2 swapped:     -178.3821      310   310
iupac_m_483_> CD1/2 CE1/2 swapped:      -92.5666      318   318
iupac_m_397W> Atoms were not swapped because of the uncertainty of how to handle the H atom.
iupac_m_486_> OE1/2 will be swapped:      167.2685      333   333
iupac_m_483_> CD1/2 CE1/2 swapped:      -95.3667      339   339
iupac_m_397W> Atoms were not swapped because of the uncertainty of how to handle the H atom.
iupac_m_485_> OD1/2 will be swapped:      131.0357      373   373


>> ENERGY; Differences between the model's features and restraints:
Number of all residues in MODEL                   :      374
Number of all, selected real atoms                :     2927    2927
Number of all, selected pseudo atoms              :        0       0
Number of all static, selected restraints         :    33775   33775
COVALENT_CYS                                      :        F
NONBONDED_SEL_ATOMS                               :        1
Number of non-bonded pairs (excluding 1-2,1-3,1-4):     5996
Dynamic pairs routine                             : 2, NATM x NATM cell sorting
Atomic shift for contacts update (UPDATE_DYNAMIC) :    0.390
LENNARD_JONES_SWITCH                              :    6.500   7.500
COULOMB_JONES_SWITCH                              :    6.500   7.500
RESIDUE_SPAN_RANGE                                :        0   99999
NLOGN_USE                                         :       15
CONTACT_SHELL                                     :    4.000
DYNAMIC_PAIRS,_SPHERE,_COULOMB,_LENNARD,_MODELLER :        T       T       F       F       F
SPHERE_STDV                                       :    0.050
RADII_FACTOR                                      :    0.820
Current energy                                    :        2081.4731





Summary of the restraint violations: 

   NUM     ... number of restraints.
   NUMVI   ... number of restraints with RVIOL > VIOL_REPORT_CUT[i].
   RVIOL   ... relative difference from the best value.
   NUMVP   ... number of restraints with -Ln(pdf) > VIOL_REPORT_CUT2[i].
   RMS_1   ... RMS(feature, minimally_violated_basis_restraint, NUMB).
   RMS_2   ... RMS(feature, best_value, NUMB).
   MOL.PDF ... scaled contribution to -Ln(Molecular pdf).

 #                     RESTRAINT_GROUP      NUM   NUMVI  NUMVP   RMS_1   RMS_2         MOL.PDF     S_i
------------------------------------------------------------------------------------------------------
 1 Bond length potential              :    3002       0      0   0.005   0.005      21.320       1.000
 2 Bond angle potential               :    4086       1     17   2.082   2.082      348.41       1.000
 3 Stereochemical cosine torsion poten:    2006       0     75  48.784  48.784      725.17       1.000
 4 Stereochemical improper torsion pot:    1273       0      0   1.226   1.226      43.420       1.000
 5 Soft-sphere overlap restraints     :    5996       0      0   0.001   0.001      1.0689       1.000
 6 Lennard-Jones 6-12 potential       :       0       0      0   0.000   0.000      0.0000       1.000
 7 Coulomb point-point electrostatic p:       0       0      0   0.000   0.000      0.0000       1.000
 8 H-bonding potential                :       0       0      0   0.000   0.000      0.0000       1.000
 9 Distance restraints 1 (CA-CA)      :    6795       0      0   0.094   0.094      76.590       1.000
10 Distance restraints 2 (N-O)        :    6735       0      1   0.158   0.158      173.38       1.000
11 Mainchain Phi dihedral restraints  :       0       0      0   0.000   0.000      0.0000       1.000
12 Mainchain Psi dihedral restraints  :       0       0      0   0.000   0.000      0.0000       1.000
13 Mainchain Omega dihedral restraints:     373       0      5   4.284   4.284      79.084       1.000
14 Sidechain Chi_1 dihedral restraints:     318       0      1  56.453  56.453      14.801       1.000
15 Sidechain Chi_2 dihedral restraints:     233       0      1  61.151  61.151      58.416       1.000
16 Sidechain Chi_3 dihedral restraints:      86       0      0  80.166  80.166      49.727       1.000
17 Sidechain Chi_4 dihedral restraints:      34       0      0 105.891 105.891      24.188       1.000
18 Disulfide distance restraints      :       0       0      0   0.000   0.000      0.0000       1.000
19 Disulfide angle restraints         :       0       0      0   0.000   0.000      0.0000       1.000
20 Disulfide dihedral angle restraints:       0       0      0   0.000   0.000      0.0000       1.000
21 Lower bound distance restraints    :       0       0      0   0.000   0.000      0.0000       1.000
22 Upper bound distance restraints    :       0       0      0   0.000   0.000      0.0000       1.000
23 Distance restraints 3 (SDCH-MNCH)  :    5018       0      0   0.368   0.368      128.26       1.000
24 Sidechain Chi_5 dihedral restraints:       0       0      0   0.000   0.000      0.0000       1.000
25 Phi/Psi pair of dihedral restraints:     372      52     35  25.984  66.818      121.24       1.000
26 Distance restraints 4 (SDCH-SDCH)  :    3444       0      0   0.665   0.665      216.41       1.000
27 Distance restraints 5 (X-Y)        :       0       0      0   0.000   0.000      0.0000       1.000
28 NMR distance restraints 6 (X-Y)    :       0       0      0   0.000   0.000      0.0000       1.000
29 NMR distance restraints 7 (X-Y)    :       0       0      0   0.000   0.000      0.0000       1.000
30 Minimal distance restraints        :       0       0      0   0.000   0.000      0.0000       1.000
31 Non-bonded restraints              :       0       0      0   0.000   0.000      0.0000       1.000
32 Atomic accessibility restraints    :       0       0      0   0.000   0.000      0.0000       1.000
33 Atomic density restraints          :       0       0      0   0.000   0.000      0.0000       1.000
34 Absolute position restraints       :       0       0      0   0.000   0.000      0.0000       1.000
35 Dihedral angle difference restraint:       0       0      0   0.000   0.000      0.0000       1.000
36 GBSA implicit solvent potential    :       0       0      0   0.000   0.000      0.0000       1.000
37 EM density fitting potential       :       0       0      0   0.000   0.000      0.0000       1.000
38 SAXS restraints                    :       0       0      0   0.000   0.000      0.0000       1.000
39 Symmetry restraints                :       0       0      0   0.000   0.000      0.0000       1.000



openf___224_> Open           beta_glucosidase.fasta.V99990003
# Heavy relative violation of each residue is written to: beta_glucosidase.fasta.V99990003
# The profile is NOT normalized by the number of restraints.
# The profiles are smoothed over a window of residues:    1
# The sum of all numbers in the file:   37650.6211



List of the violated restraints:
   A restraint is violated when the relative difference
   from the best value (RVIOL) is larger than CUTOFF.

   ICSR   ... index of a restraint in the current set.
   RESNO  ... residue numbers of the first two atoms.
   ATM    ... IUPAC atom names of the first two atoms.
   FEAT   ... the value of the feature in the model.
   restr  ... the mean of the basis restraint with the smallest
              difference from the model (local minimum).
   viol   ... difference from the local minimum.
   rviol  ... relative difference from the local minimum.
   RESTR  ... the best value (global minimum).
   VIOL   ... difference from the best value.
   RVIOL  ... relative difference from the best value.


-------------------------------------------------------------------------------------------------

Feature  2                           : Bond angle potential                    
List of the RVIOL violations larger than   :       4.5000

    #   ICSR  RESNO1/2 ATM1/2   INDATM1/2    FEAT   restr    viol   rviol   RESTR    VIOL   RVIOL
    1   6448 320F 321A C   N    2465 2467  147.76  120.00   27.76    6.31  120.00   27.76    6.31

-------------------------------------------------------------------------------------------------

Feature 25                           : Phi/Psi pair of dihedral restraints     
List of the RVIOL violations larger than   :       6.5000

    #   ICSR  RESNO1/2 ATM1/2   INDATM1/2    FEAT   restr    viol   rviol   RESTR    VIOL   RVIOL
    1  10368   1M   2A C   N       7    9 -118.01 -134.00   16.57    0.41  -62.50 -175.04   33.27
    1          2A   2A N   CA      9   10  142.67  147.00                  -40.90
    2  10370   3I   4S C   N      20   22 -124.20 -136.60   14.59    0.44  -64.10 -171.65   11.60
    2          4S   4S N   CA     22   23  143.50  151.20                  -35.00
    3  10371   4S   5S C   N      26   28 -141.81 -136.60    7.36    0.24  -64.10 -174.36   19.00
    3          5S   5S N   CA     28   29  156.40  151.20                  -35.00
    4  10372   5S   6S C   N      32   34 -138.06 -136.60    6.92    0.32  -64.10 -177.32   18.51
    4          6S   6S N   CA     34   35  157.96  151.20                  -35.00
    5  10373   6S   7T C   N      38   40  -96.99 -124.80   49.98    1.55  -63.20  147.98   16.96
    5          7T   7T N   CA     40   41  101.96  143.50                  -42.10
    6  10374   7T   8S C   N      45   47  -83.56  -72.40   20.74    0.95  -64.10  156.33   12.59
    6          8S   8S N   CA     47   48  169.89  152.40                  -35.00
    7  10375   8S   9G C   N      51   53   98.58   78.70   49.64    0.75   82.20  140.86    7.65
    7          9G   9G N   CA     53   54  148.41 -166.10                    8.50
    8  10376   9G  10T C   N      55   57 -124.13 -124.80    1.49    0.08  -63.20 -176.51   27.57
    8         10T  10T N   CA     57   58  144.82  143.50                  -42.10
    9  10377  10T  11S C   N      62   64 -128.45 -136.60    9.89    0.30  -64.10 -169.41   18.33
    9         11S  11S N   CA     64   65  145.60  151.20                  -35.00
   10  10378  11S  12S C   N      68   70 -137.83 -136.60    5.42    0.30  -64.10 -166.34   19.26
   10         12S  12S N   CA     70   71  145.92  151.20                  -35.00
   11  10379  12S  13S C   N      74   76 -154.35 -136.60   21.80    0.67  -64.10 -175.30   19.88
   11         13S  13S N   CA     76   77  163.85  151.20                  -35.00
   12  10380  13S  14F C   N      80   82  -95.19  -71.40   25.65    1.48  -63.20  168.45   25.55
   12         14F  14F N   CA     82   83  150.31  140.70                  -44.30
   13  10382  15P  16S C   N      98  100  -77.99  -72.40    6.14    0.35  -64.10  170.62   13.24
   13         16S  16S N   CA    100  101  154.95  152.40                  -35.00
   14  10383  16S  17R C   N     104  106 -125.12 -125.20   14.32    0.69  -63.00  178.53   20.75
   14         17R  17R N   CA    106  107  126.28  140.60                  -41.10
   15  10384  17R  18T C   N     115  117 -133.39 -124.80    8.73    0.42  -63.20 -173.47   28.54
   15         18T  18T N   CA    117  118  145.08  143.50                  -42.10
   16  10385  18T  19T C   N     122  124 -107.24  -63.20   92.39    9.79  -63.20   92.39    9.79
   16         19T  19T N   CA    124  125   39.12  -42.10                  -42.10
   17  10387  20V  21M C   N     136  138 -152.99 -125.60   29.94    0.92  -63.40 -170.56   35.26
   17         21M  21M N   CA    138  139  152.59  140.50                  -40.50
   18  10388  21M  22L C   N     144  146 -102.45 -108.50    6.46    0.34  -63.50 -179.77   23.09
   18         22L  22L N   CA    146  147  134.77  132.50                  -41.20
   19  10389  22L  23L C   N     152  154  -88.82 -108.50   40.15    1.92  -63.50  141.00   18.28
   19         23L  23L N   CA    154  155   97.51  132.50                  -41.20
   20  10390  23L  24L C   N     160  162 -151.31 -108.50   46.83    2.47  -63.50  177.89   21.80
   20         24L  24L N   CA    162  163  113.51  132.50                  -41.20
   21  10391  24L  25F C   N     168  170 -122.54 -124.20   37.65    1.73  -63.20  161.30   18.96
   21         25F  25F N   CA    170  171  105.69  143.30                  -44.30
   22  10392  25F  26F C   N     179  181   67.17  -71.40  141.30   10.45  -63.20 -163.25   22.42
   22         26F  26F N   CA    181  182  168.34  140.70                  -44.30
   23  10393  26F  27F C   N     190  192 -106.28 -124.20   38.24    1.28  -63.20  159.74   19.52
   23         27F  27F N   CA    192  193  109.52  143.30                  -44.30
   24  10394  27F  28A C   N     201  203 -170.37 -134.00   38.39    0.90  -62.50 -167.18   37.31
   24         28A  28A N   CA    203  204  159.28  147.00                  -40.90
   25  10395  28A  29A C   N     206  208 -158.54 -134.00   29.05    0.69  -62.50 -176.32   35.21
   25         29A  29A N   CA    208  209  162.53  147.00                  -40.90
   26  10396  29A  30S C   N     211  213  -65.31  -72.40   13.32    0.61  -64.10  176.13   12.69
   26         30S  30S N   CA    213  214  141.12  152.40                  -35.00
   27  10398  31V  32G C   N     224  226   94.59   78.70   56.49    1.00   82.20  131.78    7.02
   27         32G  32G N   CA    226  227  139.70 -166.10                    8.50
   28  10400  33I  34T C   N     236  238  -84.95  -78.10   23.45    1.23  -63.20  170.86   20.55
   28         34T  34T N   CA    238  239  127.37  149.80                  -42.10
   29  10401  34T  35D C   N     243  245  -81.89  -70.90   17.76    1.39  -63.30  177.32   20.82
   29         35D  35D N   CA    245  246  136.35  150.30                  -40.00
   30  10402  35D  36A C   N     251  253  -74.09  -68.20   15.68    1.06  -62.50  159.69   26.75
   30         36A  36A N   CA    253  254  159.83  145.30                  -40.90
   31  10403  36A  37Q C   N     256  258  -99.79 -121.10   57.57    2.31  -63.80  131.54   17.67
   31         37Q  37Q N   CA    258  259   86.22  139.70                  -40.30
   32  10414  47N  48N C   N     334  336 -114.78 -119.90   81.57    3.59  -63.20  109.59   11.80
   32         48N  48N N   CA    336  337   55.59  137.00                  -41.10
   33  10545 178N 179S C   N    1355 1357 -147.58  -64.10   95.85    9.62  -64.10   95.85    9.62
   33        179S 179S N   CA   1357 1358   12.10  -35.00                  -35.00
   34  10588 221Y 222N C   N    1702 1704 -133.01 -119.90   58.55    2.93  -63.20  139.73   15.02
   34        222N 222N N   CA   1704 1705   79.93  137.00                  -41.10
   35  10718 351F 352S C   N    2740 2742  -83.32  -72.40   45.33    2.31  -64.10  130.03   10.68
   35        352S 352S N   CA   2742 2743 -163.61  152.40                  -35.00
   36  10720 353A 354E C   N    2751 2753  -57.88  -69.30   13.72    1.24  -63.60  169.69   22.32
   36        354E 354E N   CA   2753 2754  150.10  142.50                  -40.30
   37  10721 354E 355K C   N    2760 2762 -162.57 -118.00   46.73    2.03  -62.90 -166.52   22.28
   37        355K 355K N   CA   2762 2763  125.04  139.10                  -40.80
   38  10722 355K 356N C   N    2769 2771 -161.29 -119.90   42.31    1.53  -63.20 -160.98   30.35
   38        356N 356N N   CA   2771 2772  145.74  137.00                  -41.10
   39  10723 356N 357W C   N    2777 2779 -122.84 -124.90   33.18    1.56  -63.00  165.67   18.27
   39        357W 357W N   CA   2779 2780  110.29  143.40                  -44.20
   40  10724 357W 358D C   N    2791 2793 -154.57  -96.50   63.08    2.61  -63.30 -159.21   21.31
   40        358D 358D N   CA   2793 2794  138.85  114.20                  -40.00
   41  10726 359I 360S C   N    2807 2809  -78.57  -72.40    7.33    0.39  -64.10  169.26   13.18
   41        360S 360S N   CA   2809 2810  156.36  152.40                  -35.00
   42  10727 360S 361T C   N    2813 2815 -136.27 -124.80   53.60    1.97  -63.20  142.25   22.91
   42        361T 361T N   CA   2815 2816 -164.15  143.50                  -42.10
   43  10729 362E 363H C   N    2829 2831 -159.60 -125.60   38.58    1.67  -63.20 -170.75   20.13
   43        363H 363H N   CA   2831 2832  120.56  138.80                  -42.30
   44  10730 363H 364N C   N    2839 2841 -128.88 -119.90   12.62    0.37  -63.20 -174.92   26.87
   44        364N 364N N   CA   2841 2842  145.86  137.00                  -41.10
   45  10731 364N 365A C   N    2847 2849  -64.91  -68.20    6.66    0.43  -62.50  179.61   29.55
   45        365A 365A N   CA   2849 2850  139.50  145.30                  -40.90
   46  10732 365A 366T C   N    2852 2854  -75.90  -78.10    2.99    0.11  -63.20  170.59   22.72
   46        366T 366T N   CA   2854 2855  147.78  149.80                  -42.10
   47  10734 367I 368L C   N    2867 2869  -73.50  -70.70   13.82    0.95  -63.50  163.97   23.35
   47        368L 368L N   CA   2869 2870  155.14  141.60                  -41.20
   48  10735 368L 369F C   N    2875 2877  -67.67  -71.40    6.14    0.54  -63.20  170.18   23.93
   48        369F 369F N   CA   2877 2878  145.57  140.70                  -44.30
   49  10736 369F 370L C   N    2886 2888  -89.09  -70.70   76.02    5.11  -63.50  106.56   16.36
   49        370L 370L N   CA   2888 2889 -144.64  141.60                  -41.20
   50  10737 370L 371K C   N    2894 2896  -57.77  -70.20   32.89    2.10  -62.90  150.83   19.87
   50        371K 371K N   CA   2896 2897  109.95  140.40                  -40.80
   51  10738 371K 372S C   N    2903 2905 -163.86 -136.60   62.83    2.50  -64.10  153.91   18.33
   51        372S 372S N   CA   2905 2906 -152.20  151.20                  -35.00
   52  10739 372S 373D C   N    2909 2911  -54.14  -70.90   22.26    0.96  -63.30  175.89   22.27
   52        373D 373D N   CA   2911 2912  135.65  150.30                  -40.00


report______> Distribution of short non-bonded contacts:


DISTANCE1:  0.00 2.10 2.20 2.30 2.40 2.50 2.60 2.70 2.80 2.90 3.00 3.10 3.20 3.30 3.40
DISTANCE2:  2.10 2.20 2.30 2.40 2.50 2.60 2.70 2.80 2.90 3.00 3.10 3.20 3.30 3.40 3.50
FREQUENCY:     0    0    0    0    0   12   49  114  170  232  257  314  411  461  451


<< end of ENERGY.
openf___224_> Open           beta_glucosidase.fasta.B99990003.pdb
wrpdb___568_> Residues, atoms, selected atoms:      374     2927     2927

>> Summary of successfully produced models:
Filename                          molpdf
----------------------------------------
beta_glucosidase.fasta.B99990001.pdb     2072.60645
beta_glucosidase.fasta.B99990002.pdb     2115.01587
beta_glucosidase.fasta.B99990003.pdb     2081.47314


Dynamically allocated memory at          finish [B,KiB,MiB]:      6754390    6596.084     6.441
Starting time                                            : 2020/09/23 18:53:32
Closing time                                             : 2020/09/23 18:55:55
Total CPU time [seconds]                                 :     139.98
